<?xml version="1.0" encoding="UTF-8" standalone="no"?>
<testsuite failures="0" name="cucumber.runtime.formatter.JUnitFormatter" skipped="0" tests="4" time="11.630417">
<testcase classname="Access Dashboard View" name="User can access personal dashboard view" time="4.53539">
<system-out><![CDATA[Given user is logged in.....................................................passed
When user clicks on my dashboard............................................passed
Then dashboard page is displayed............................................passed
]]></system-out>
</testcase>
<testcase classname="demo gherkin jenkins execution" name="demo something" time="0.854613">
<system-out><![CDATA[Given some webpage is loaded and user pw provided...........................passed
When button on webpage is clicked...........................................passed
Then user is logged in and something happens................................passed
]]></system-out>
</testcase>
<testcase classname="Login to workspace reporting tool hpsw" name="user can login into the reporting plattform" time="3.133825">
<system-out><![CDATA[Given user name is valid....................................................passed
And password is valid.......................................................passed
When user clicks on login button............................................passed
Then user is logged into the reporting tool.................................passed
]]></system-out>
</testcase>
<testcase classname="Login to CPR" name="Login with valid user" time="3.106589">
<system-out><![CDATA[Given navigate to CPR.......................................................passed
And page is loaded..........................................................passed
And user and password are provided and valid................................passed
When user clicks on Login button............................................passed
Then user is logged into CPR................................................passed
]]></system-out>
</testcase>
</testsuite>
